<?xml version="1.0" encoding="UTF-8"?>
<!-- Generated by org.testng.reporters.JUnitReportReporter -->
<testsuite hostname="Mayoorans-MacBook-Pro.local" failures="0" tests="1" name="com.automationtestV1.testCases.TC_CheckOut" time="23.368" errors="0" timestamp="24 Sep. 2021 23:24:16 GMT" skipped="0">
  <testcase classname="com.automationtestV1.testCases.TC_CheckOut" name="checkOut" time="23.368"/>
</testsuite> <!-- com.automationtestV1.testCases.TC_CheckOut -->
