<?xml version="1.0" encoding="UTF-8"?>
<!-- Generated by org.testng.reporters.JUnitReportReporter -->
<testsuite hostname="Mayoorans-MacBook-Pro.local" failures="0" tests="1" name="com.automationtestV1.testCases.TC_CheckOut" time="26.561" errors="0" timestamp="25 Sep. 2021 01:24:46 GMT" skipped="0">
  <testcase classname="com.automationtestV1.testCases.TC_CheckOut" name="checkOut" time="26.561"/>
</testsuite> <!-- com.automationtestV1.testCases.TC_CheckOut -->
